2025-07-25 03:12:22,319 [INFO] WebApp:194 - Connection lost
2025-07-25 17:05:04,460 [INFO] WebApp:191 - Connection restablished
2025-07-25 17:05:06,609 [INFO] WebApp:194 - Connection lost
2025-07-25 17:05:06,924 [INFO] WebApp:191 - Connection restablished
2025-07-25 20:24:49,954 [INFO] WebApp:194 - Connection lost
2025-07-25 20:24:51,288 [INFO] WebApp:191 - Connection restablished
2025-07-25 20:24:51,717 [INFO] WebApp:194 - Connection lost
2025-07-25 21:18:44,682 [INFO] WebApp:191 - Connection restablished
2025-07-25 21:18:46,177 [INFO] WebApp:194 - Connection lost
2025-07-25 21:26:04,433 [INFO] MainUpdater:2872 - connection check result : 22
2025-07-25 21:26:10,755 [INFO] McuFinderGlobals:76 - Set McuFinderConnectedMode to false
2025-07-25 21:26:10,768 [INFO] MultiScanPanel:200 - Auto-refresh data requested => check proxy status ongoing
2025-07-25 21:26:10,768 [INFO] MultiScanPanel:204 - Proxy status is invalid
2025-07-25 21:26:10,774 [INFO] FinderPluginLoader:96 - Searching for filters in installed packs
2025-07-25 21:26:12,917 [INFO] DetailPanel:341 - Set advertising image to C:/Users/joeyf/STM32Cube/Repository/\en.2400x1350px.jpeg
2025-07-25 21:28:02,894 [INFO] McuFinderGlobals:76 - Set McuFinderConnectedMode to true
2025-07-25 21:28:03,194 [INFO] ApiDb:448 - Save user favorites file C:\Users\joeyf/.stm32cubeide/favorites.mcus.txt: 0 item(s)
2025-07-25 21:28:03,194 [INFO] ApiDb:452 - User favorites MCUs=[]
2025-07-25 21:29:28,849 [INFO] MainUpdater:2872 - connection check result : 10
2025-07-25 21:29:29,076 [INFO] McuFinderGlobals:76 - Set McuFinderConnectedMode to true
2025-07-25 21:29:29,082 [INFO] MultiScanPanel:200 - Auto-refresh data requested => check proxy status ongoing
2025-07-25 21:29:29,084 [INFO] FinderPluginLoader:96 - Searching for filters in installed packs
2025-07-25 21:29:29,848 [INFO] LoadUrlFilesThread:185 - End of LoadServerUrlFiles without Thread
2025-07-25 21:29:29,849 [INFO] DetailPanel:341 - Set advertising image to C:/Users/joeyf/STM32Cube/Repository/\en.2400x1350px.jpeg
2025-07-25 21:29:35,019 [INFO] McuFinderGlobals:76 - Set McuFinderConnectedMode to true
2025-07-25 21:29:35,413 [INFO] ApiDb:448 - Save user favorites file C:\Users\joeyf/.stm32cubeide/favorites.mcus.txt: 0 item(s)
2025-07-25 21:29:35,413 [INFO] ApiDb:452 - User favorites MCUs=[]
