2025-07-24 08:01:23,420 [INFO] WebApp:194 - Connection lost
2025-07-24 08:01:23,705 [INFO] WebApp:191 - Connection restablished
2025-07-24 12:01:19,276 [INFO] WebApp:194 - Connection lost
2025-07-24 12:01:20,191 [INFO] WebApp:191 - Connection restablished
2025-07-24 16:28:33,565 [INFO] WebApp:194 - Connection lost
2025-07-24 16:28:34,356 [INFO] WebApp:191 - Connection restablished
2025-07-24 16:29:03,311 [INFO] WebApp:194 - Connection lost
2025-07-24 16:29:05,673 [INFO] WebApp:191 - Connection restablished
2025-07-24 16:29:13,804 [INFO] WebApp:194 - Connection lost
2025-07-24 16:29:13,914 [INFO] WebApp:191 - Connection restablished
2025-07-24 16:45:22,313 [INFO] WebApp:194 - Connection lost
2025-07-24 16:45:22,500 [INFO] WebApp:191 - Connection restablished
2025-07-24 16:47:08,313 [INFO] WebApp:194 - Connection lost
2025-07-24 16:47:08,543 [INFO] WebApp:191 - Connection restablished
2025-07-24 16:59:46,304 [INFO] WebApp:194 - Connection lost
2025-07-24 16:59:46,512 [INFO] WebApp:191 - Connection restablished
2025-07-24 16:59:57,805 [INFO] WebApp:194 - Connection lost
2025-07-24 16:59:57,975 [INFO] WebApp:191 - Connection restablished
2025-07-24 20:15:44,797 [INFO] WebApp:194 - Connection lost
2025-07-24 20:15:44,986 [INFO] WebApp:191 - Connection restablished
2025-07-24 20:15:53,313 [INFO] WebApp:194 - Connection lost
2025-07-24 20:15:53,552 [INFO] WebApp:191 - Connection restablished
2025-07-24 20:30:52,307 [INFO] WebApp:194 - Connection lost
2025-07-24 20:30:52,531 [INFO] WebApp:191 - Connection restablished
2025-07-24 21:43:06,011 [INFO] NvicIntPanel:101 - NVIC parent = com.st.microxplorer.plugins.ip.nvic.MultiNvicIntPanel[,0,0,0x0,invalid,layout=javax.swing.BoxLayout,alignmentX=0.0,alignmentY=0.0,border=,flags=9,maximumSize=,minimumSize=,preferredSize=]
2025-07-24 21:43:16,544 [INFO] Gpio:278 - dependency for GPIO [SPI1, TIM2]
2025-07-24 21:44:21,194 [INFO] Gpio:278 - dependency for GPIO [SPI1, TIM2]
2025-07-24 21:44:21,373 [INFO] NvicIntPanel:101 - NVIC parent = com.st.microxplorer.plugins.ip.nvic.MultiNvicIntPanel[,0,0,0x0,invalid,layout=javax.swing.BoxLayout,alignmentX=0.0,alignmentY=0.0,border=,flags=9,maximumSize=,minimumSize=,preferredSize=]
2025-07-24 21:44:22,012 [INFO] Gpio:278 - dependency for GPIO [SPI1, TIM2]
2025-07-24 21:44:22,245 [INFO] NvicIntPanel:101 - NVIC parent = com.st.microxplorer.plugins.ip.nvic.MultiNvicIntPanel[,0,0,0x0,invalid,layout=javax.swing.BoxLayout,alignmentX=0.0,alignmentY=0.0,border=,flags=9,maximumSize=,minimumSize=,preferredSize=]
2025-07-24 21:47:25,305 [INFO] NvicIntPanel:101 - NVIC parent = com.st.microxplorer.plugins.ip.nvic.MultiNvicIntPanel[,0,0,0x0,invalid,layout=javax.swing.BoxLayout,alignmentX=0.0,alignmentY=0.0,border=,flags=9,maximumSize=,minimumSize=,preferredSize=]
2025-07-24 21:47:49,545 [INFO] NvicIntPanel:101 - NVIC parent = com.st.microxplorer.plugins.ip.nvic.MultiNvicIntPanel[,0,0,0x0,invalid,layout=javax.swing.BoxLayout,alignmentX=0.0,alignmentY=0.0,border=,flags=9,maximumSize=,minimumSize=,preferredSize=]
2025-07-24 21:49:53,590 [INFO] NvicIntPanel:101 - NVIC parent = com.st.microxplorer.plugins.ip.nvic.MultiNvicIntPanel[,0,0,0x0,invalid,layout=javax.swing.BoxLayout,alignmentX=0.0,alignmentY=0.0,border=,flags=9,maximumSize=,minimumSize=,preferredSize=]
2025-07-24 21:49:54,714 [INFO] NvicIntPanel:101 - NVIC parent = com.st.microxplorer.plugins.ip.nvic.MultiNvicIntPanel[,0,0,0x0,invalid,layout=javax.swing.BoxLayout,alignmentX=0.0,alignmentY=0.0,border=,flags=9,maximumSize=,minimumSize=,preferredSize=]
2025-07-24 21:51:07,150 [INFO] NvicIntPanel:101 - NVIC parent = com.st.microxplorer.plugins.ip.nvic.MultiNvicIntPanel[,0,0,0x0,invalid,layout=javax.swing.BoxLayout,alignmentX=0.0,alignmentY=0.0,border=,flags=9,maximumSize=,minimumSize=,preferredSize=]
2025-07-24 21:54:08,250 [INFO] NvicIntPanel:101 - NVIC parent = com.st.microxplorer.plugins.ip.nvic.MultiNvicIntPanel[,0,0,0x0,invalid,layout=javax.swing.BoxLayout,alignmentX=0.0,alignmentY=0.0,border=,flags=9,maximumSize=,minimumSize=,preferredSize=]
2025-07-24 21:54:27,055 [INFO] NvicIntPanel:101 - NVIC parent = com.st.microxplorer.plugins.ip.nvic.MultiNvicIntPanel[,0,0,0x0,invalid,layout=javax.swing.BoxLayout,alignmentX=0.0,alignmentY=0.0,border=,flags=9,maximumSize=,minimumSize=,preferredSize=]
2025-07-24 21:55:00,183 [INFO] NvicIntPanel:101 - NVIC parent = com.st.microxplorer.plugins.ip.nvic.MultiNvicIntPanel[,0,0,0x0,invalid,layout=javax.swing.BoxLayout,alignmentX=0.0,alignmentY=0.0,border=,flags=9,maximumSize=,minimumSize=,preferredSize=]
2025-07-24 21:55:49,473 [INFO] Gpio:278 - dependency for GPIO [SPI1, TIM2, TIM4, TIM15]
2025-07-24 21:57:55,491 [INFO] Gpio:278 - dependency for GPIO [SPI1, TIM2, TIM4, TIM15]
2025-07-24 21:57:55,736 [INFO] NvicIntPanel:101 - NVIC parent = com.st.microxplorer.plugins.ip.nvic.MultiNvicIntPanel[,0,0,0x0,invalid,layout=javax.swing.BoxLayout,alignmentX=0.0,alignmentY=0.0,border=,flags=9,maximumSize=,minimumSize=,preferredSize=]
2025-07-24 21:57:56,756 [INFO] Gpio:278 - dependency for GPIO [SPI1, TIM2, TIM4, TIM15]
2025-07-24 21:57:56,998 [INFO] NvicIntPanel:101 - NVIC parent = com.st.microxplorer.plugins.ip.nvic.MultiNvicIntPanel[,0,0,0x0,invalid,layout=javax.swing.BoxLayout,alignmentX=0.0,alignmentY=0.0,border=,flags=9,maximumSize=,minimumSize=,preferredSize=]
2025-07-24 21:58:10,603 [INFO] WebApp:194 - Connection lost
2025-07-24 21:58:10,784 [INFO] WebApp:191 - Connection restablished
2025-07-24 21:58:15,042 [INFO] WebApp:194 - Connection lost
2025-07-24 21:58:15,264 [INFO] WebApp:191 - Connection restablished
2025-07-24 21:58:42,276 [INFO] Gpio:278 - dependency for GPIO [SPI1, TIM2, TIM4, TIM15]
2025-07-24 21:58:42,431 [INFO] NvicIntPanel:101 - NVIC parent = com.st.microxplorer.plugins.ip.nvic.MultiNvicIntPanel[,0,0,0x0,invalid,layout=javax.swing.BoxLayout,alignmentX=0.0,alignmentY=0.0,border=,flags=9,maximumSize=,minimumSize=,preferredSize=]
2025-07-24 21:58:43,222 [INFO] Gpio:278 - dependency for GPIO [SPI1, TIM2, TIM4, TIM15]
2025-07-24 21:58:43,444 [INFO] NvicIntPanel:101 - NVIC parent = com.st.microxplorer.plugins.ip.nvic.MultiNvicIntPanel[,0,0,0x0,invalid,layout=javax.swing.BoxLayout,alignmentX=0.0,alignmentY=0.0,border=,flags=9,maximumSize=,minimumSize=,preferredSize=]
2025-07-24 21:59:34,567 [INFO] Gpio:278 - dependency for GPIO [SPI1, TIM2, TIM4, TIM15]
2025-07-24 21:59:34,765 [INFO] NvicIntPanel:101 - NVIC parent = com.st.microxplorer.plugins.ip.nvic.MultiNvicIntPanel[,0,0,0x0,invalid,layout=javax.swing.BoxLayout,alignmentX=0.0,alignmentY=0.0,border=,flags=9,maximumSize=,minimumSize=,preferredSize=]
2025-07-24 21:59:35,615 [INFO] Gpio:278 - dependency for GPIO [SPI1, TIM2, TIM4, TIM15]
2025-07-24 21:59:35,832 [INFO] NvicIntPanel:101 - NVIC parent = com.st.microxplorer.plugins.ip.nvic.MultiNvicIntPanel[,0,0,0x0,invalid,layout=javax.swing.BoxLayout,alignmentX=0.0,alignmentY=0.0,border=,flags=9,maximumSize=,minimumSize=,preferredSize=]
2025-07-24 22:00:06,560 [INFO] Gpio:278 - dependency for GPIO [SPI1, TIM2, TIM4, TIM15]
2025-07-24 22:00:06,706 [INFO] NvicIntPanel:101 - NVIC parent = com.st.microxplorer.plugins.ip.nvic.MultiNvicIntPanel[,0,0,0x0,invalid,layout=javax.swing.BoxLayout,alignmentX=0.0,alignmentY=0.0,border=,flags=9,maximumSize=,minimumSize=,preferredSize=]
2025-07-24 22:00:07,410 [INFO] Gpio:278 - dependency for GPIO [SPI1, TIM2, TIM4, TIM15]
2025-07-24 22:00:07,604 [INFO] NvicIntPanel:101 - NVIC parent = com.st.microxplorer.plugins.ip.nvic.MultiNvicIntPanel[,0,0,0x0,invalid,layout=javax.swing.BoxLayout,alignmentX=0.0,alignmentY=0.0,border=,flags=9,maximumSize=,minimumSize=,preferredSize=]
2025-07-24 22:00:13,678 [INFO] Gpio:278 - dependency for GPIO [SPI1, TIM2, TIM4, TIM15]
2025-07-24 22:00:13,822 [INFO] NvicIntPanel:101 - NVIC parent = com.st.microxplorer.plugins.ip.nvic.MultiNvicIntPanel[,0,0,0x0,invalid,layout=javax.swing.BoxLayout,alignmentX=0.0,alignmentY=0.0,border=,flags=9,maximumSize=,minimumSize=,preferredSize=]
2025-07-24 22:00:14,396 [INFO] Gpio:278 - dependency for GPIO [SPI1, TIM2, TIM4, TIM15]
2025-07-24 22:00:14,552 [INFO] NvicIntPanel:101 - NVIC parent = com.st.microxplorer.plugins.ip.nvic.MultiNvicIntPanel[,0,0,0x0,invalid,layout=javax.swing.BoxLayout,alignmentX=0.0,alignmentY=0.0,border=,flags=9,maximumSize=,minimumSize=,preferredSize=]
2025-07-24 22:01:25,013 [INFO] Gpio:278 - dependency for GPIO [SPI1, TIM2, TIM4, TIM15]
2025-07-24 22:01:25,068 [INFO] NvicIntPanel:101 - NVIC parent = com.st.microxplorer.plugins.ip.nvic.MultiNvicIntPanel[,0,0,0x0,invalid,layout=javax.swing.BoxLayout,alignmentX=0.0,alignmentY=0.0,border=,flags=9,maximumSize=,minimumSize=,preferredSize=]
2025-07-24 22:01:25,491 [INFO] Gpio:278 - dependency for GPIO [SPI1, TIM2, TIM4, TIM15]
2025-07-24 22:01:25,540 [INFO] NvicIntPanel:101 - NVIC parent = com.st.microxplorer.plugins.ip.nvic.MultiNvicIntPanel[,0,0,0x0,invalid,layout=javax.swing.BoxLayout,alignmentX=0.0,alignmentY=0.0,border=,flags=9,maximumSize=,minimumSize=,preferredSize=]
2025-07-24 22:05:09,329 [INFO] UtilMem:75 - End SaveConfig() Used Memory: 827735304 Bytes (884998144)
2025-07-24 22:05:11,720 [INFO] UtilMem:75 - End SaveConfig() Used Memory: 879641864 Bytes (896532480)
2025-07-24 22:05:30,691 [INFO] UtilMem:75 - End SaveConfig() Used Memory: 656074904 Bytes (915406848)
2025-07-24 22:05:32,311 [INFO] BlockDiagram:2775 - set Specific Code input for plugin: SPI
2025-07-24 22:05:32,312 [INFO] BlockDiagram:2775 - set Specific Code input for plugin: STMicroelectronics.X-CUBE-TOUCHGFX.4.25.0
2025-07-24 22:05:32,312 [INFO] BlockDiagram:2775 - set Specific Code input for plugin: TIM1_8L4
2025-07-24 22:05:32,313 [INFO] BlockDiagram:2775 - set Specific Code input for plugin: TIM1_8L4
2025-07-24 22:05:32,313 [INFO] BlockDiagram:2775 - set Specific Code input for plugin: TIM1_8L4
2025-07-24 22:05:32,314 [INFO] BlockDiagram:2775 - set Specific Code input for plugin: SYS
2025-07-24 22:05:32,314 [INFO] BlockDiagram:2775 - set Specific Code input for plugin: RCC
2025-07-24 22:05:32,314 [INFO] BlockDiagram:2775 - set Specific Code input for plugin: CRC
2025-07-24 22:05:32,315 [INFO] BlockDiagram:2775 - set Specific Code input for plugin: NVIC
2025-07-24 22:05:32,315 [INFO] BlockDiagram:2775 - set Specific Code input for plugin: DMA
2025-07-24 22:05:32,316 [INFO] BlockDiagram:2775 - set Specific Code input for plugin: TIM1_8L4
2025-07-24 22:05:32,317 [INFO] BlockDiagram:2775 - set Specific Code input for plugin: GPIO
2025-07-24 22:05:32,341 [INFO] CodeGenerator:892 - code generatio: config db path: C:\ST\STM32CubeIDE_1.19.0\STM32CubeIDE\plugins\com.st.stm32cube.common.mx_6.15.0.202507011659\\db\
2025-07-24 22:05:32,403 [INFO] Argument:325 - Argument : hdmavalue: null
2025-07-24 22:05:32,403 [INFO] Argument:327 - 	 sub Args: 
2025-07-24 22:05:32,404 [INFO] Argument:325 - Argument : Instancevalue: DMA1_Channel3
2025-07-24 22:05:32,404 [INFO] Argument:335 - Argument : Instancevalue: DMA1_Channel3
2025-07-24 22:05:32,405 [INFO] Argument:325 - Argument : Initvalue: null
2025-07-24 22:05:32,406 [INFO] Argument:327 - 	 sub Args: 
2025-07-24 22:05:32,407 [INFO] Argument:325 - Argument : Requestvalue: DMA_REQUEST_1
2025-07-24 22:05:32,407 [INFO] Argument:335 - Argument : Requestvalue: DMA_REQUEST_1
2025-07-24 22:05:32,407 [INFO] Argument:325 - Argument : Directionvalue: DMA_MEMORY_TO_PERIPH
2025-07-24 22:05:32,407 [INFO] Argument:335 - Argument : Directionvalue: DMA_MEMORY_TO_PERIPH
2025-07-24 22:05:32,408 [INFO] Argument:325 - Argument : PeriphIncvalue: DMA_PINC_DISABLE
2025-07-24 22:05:32,408 [INFO] Argument:335 - Argument : PeriphIncvalue: DMA_PINC_DISABLE
2025-07-24 22:05:32,409 [INFO] Argument:325 - Argument : MemIncvalue: DMA_MINC_ENABLE
2025-07-24 22:05:32,409 [INFO] Argument:335 - Argument : MemIncvalue: DMA_MINC_ENABLE
2025-07-24 22:05:32,410 [INFO] Argument:325 - Argument : PeriphDataAlignmentvalue: DMA_PDATAALIGN_BYTE
2025-07-24 22:05:32,410 [INFO] Argument:335 - Argument : PeriphDataAlignmentvalue: DMA_PDATAALIGN_BYTE
2025-07-24 22:05:32,411 [INFO] Argument:325 - Argument : MemDataAlignmentvalue: DMA_MDATAALIGN_BYTE
2025-07-24 22:05:32,411 [INFO] Argument:335 - Argument : MemDataAlignmentvalue: DMA_MDATAALIGN_BYTE
2025-07-24 22:05:32,411 [INFO] Argument:325 - Argument : Modevalue: DMA_NORMAL
2025-07-24 22:05:32,412 [INFO] Argument:335 - Argument : Modevalue: DMA_NORMAL
2025-07-24 22:05:32,412 [INFO] Argument:325 - Argument : Priorityvalue: DMA_PRIORITY_LOW
2025-07-24 22:05:32,412 [INFO] Argument:335 - Argument : Priorityvalue: DMA_PRIORITY_LOW
2025-07-24 22:05:32,413 [INFO] Argument:325 - Argument : Lockvalue: null
2025-07-24 22:05:32,413 [INFO] Argument:335 - Argument : Lockvalue: null
2025-07-24 22:05:32,414 [INFO] Argument:325 - Argument : Statevalue: null
2025-07-24 22:05:32,414 [INFO] Argument:335 - Argument : Statevalue: null
2025-07-24 22:05:32,414 [INFO] Argument:325 - Argument : Parentvalue: null
2025-07-24 22:05:32,414 [INFO] Argument:335 - Argument : Parentvalue: null
2025-07-24 22:05:32,415 [INFO] Argument:325 - Argument : XferCpltCallbackvalue: null
2025-07-24 22:05:32,416 [INFO] Argument:335 - Argument : XferCpltCallbackvalue: null
2025-07-24 22:05:32,417 [INFO] Argument:325 - Argument : XferHalfCpltCallbackvalue: null
2025-07-24 22:05:32,418 [INFO] Argument:335 - Argument : XferHalfCpltCallbackvalue: null
2025-07-24 22:05:32,418 [INFO] Argument:325 - Argument : XferErrorCallbackvalue: null
2025-07-24 22:05:32,418 [INFO] Argument:335 - Argument : XferErrorCallbackvalue: null
2025-07-24 22:05:32,418 [INFO] Argument:325 - Argument : XferAbortCallbackvalue: null
2025-07-24 22:05:32,418 [INFO] Argument:335 - Argument : XferAbortCallbackvalue: null
2025-07-24 22:05:32,419 [INFO] Argument:325 - Argument : ErrorCodevalue: null
2025-07-24 22:05:32,420 [INFO] Argument:335 - Argument : ErrorCodevalue: null
2025-07-24 22:05:32,420 [INFO] Argument:325 - Argument : DmaBaseAddressvalue: null
2025-07-24 22:05:32,420 [INFO] Argument:335 - Argument : DmaBaseAddressvalue: null
2025-07-24 22:05:32,421 [INFO] Argument:325 - Argument : ChannelIndexvalue: null
2025-07-24 22:05:32,421 [INFO] Argument:335 - Argument : ChannelIndexvalue: null
2025-07-24 22:05:32,421 [INFO] Argument:325 - Argument : hdmavalue: null
2025-07-24 22:05:32,422 [INFO] Argument:327 - 	 sub Args: 
2025-07-24 22:05:32,422 [INFO] Argument:325 - Argument : Instancevalue: DMA1_Channel3
2025-07-24 22:05:32,422 [INFO] Argument:335 - Argument : Instancevalue: DMA1_Channel3
2025-07-24 22:05:32,423 [INFO] Argument:325 - Argument : Initvalue: null
2025-07-24 22:05:32,423 [INFO] Argument:327 - 	 sub Args: 
2025-07-24 22:05:32,423 [INFO] Argument:325 - Argument : Requestvalue: DMA_REQUEST_1
2025-07-24 22:05:32,423 [INFO] Argument:335 - Argument : Requestvalue: DMA_REQUEST_1
2025-07-24 22:05:32,423 [INFO] Argument:325 - Argument : Directionvalue: DMA_MEMORY_TO_PERIPH
2025-07-24 22:05:32,424 [INFO] Argument:335 - Argument : Directionvalue: DMA_MEMORY_TO_PERIPH
2025-07-24 22:05:32,424 [INFO] Argument:325 - Argument : PeriphIncvalue: DMA_PINC_DISABLE
2025-07-24 22:05:32,424 [INFO] Argument:335 - Argument : PeriphIncvalue: DMA_PINC_DISABLE
2025-07-24 22:05:32,424 [INFO] Argument:325 - Argument : MemIncvalue: DMA_MINC_ENABLE
2025-07-24 22:05:32,424 [INFO] Argument:335 - Argument : MemIncvalue: DMA_MINC_ENABLE
2025-07-24 22:05:32,424 [INFO] Argument:325 - Argument : PeriphDataAlignmentvalue: DMA_PDATAALIGN_BYTE
2025-07-24 22:05:32,424 [INFO] Argument:335 - Argument : PeriphDataAlignmentvalue: DMA_PDATAALIGN_BYTE
2025-07-24 22:05:32,425 [INFO] Argument:325 - Argument : MemDataAlignmentvalue: DMA_MDATAALIGN_BYTE
2025-07-24 22:05:32,425 [INFO] Argument:335 - Argument : MemDataAlignmentvalue: DMA_MDATAALIGN_BYTE
2025-07-24 22:05:32,425 [INFO] Argument:325 - Argument : Modevalue: DMA_NORMAL
2025-07-24 22:05:32,425 [INFO] Argument:335 - Argument : Modevalue: DMA_NORMAL
2025-07-24 22:05:32,425 [INFO] Argument:325 - Argument : Priorityvalue: DMA_PRIORITY_LOW
2025-07-24 22:05:32,425 [INFO] Argument:335 - Argument : Priorityvalue: DMA_PRIORITY_LOW
2025-07-24 22:05:32,425 [INFO] Argument:325 - Argument : Lockvalue: null
2025-07-24 22:05:32,425 [INFO] Argument:335 - Argument : Lockvalue: null
2025-07-24 22:05:32,425 [INFO] Argument:325 - Argument : Statevalue: null
2025-07-24 22:05:32,426 [INFO] Argument:335 - Argument : Statevalue: null
2025-07-24 22:05:32,426 [INFO] Argument:325 - Argument : Parentvalue: null
2025-07-24 22:05:32,426 [INFO] Argument:335 - Argument : Parentvalue: null
2025-07-24 22:05:32,427 [INFO] Argument:325 - Argument : XferCpltCallbackvalue: null
2025-07-24 22:05:32,427 [INFO] Argument:335 - Argument : XferCpltCallbackvalue: null
2025-07-24 22:05:32,427 [INFO] Argument:325 - Argument : XferHalfCpltCallbackvalue: null
2025-07-24 22:05:32,427 [INFO] Argument:335 - Argument : XferHalfCpltCallbackvalue: null
2025-07-24 22:05:32,427 [INFO] Argument:325 - Argument : XferErrorCallbackvalue: null
2025-07-24 22:05:32,427 [INFO] Argument:335 - Argument : XferErrorCallbackvalue: null
2025-07-24 22:05:32,428 [INFO] Argument:325 - Argument : XferAbortCallbackvalue: null
2025-07-24 22:05:32,428 [INFO] Argument:335 - Argument : XferAbortCallbackvalue: null
2025-07-24 22:05:32,428 [INFO] Argument:325 - Argument : ErrorCodevalue: null
2025-07-24 22:05:32,428 [INFO] Argument:335 - Argument : ErrorCodevalue: null
2025-07-24 22:05:32,428 [INFO] Argument:325 - Argument : DmaBaseAddressvalue: null
2025-07-24 22:05:32,428 [INFO] Argument:335 - Argument : DmaBaseAddressvalue: null
2025-07-24 22:05:32,428 [INFO] Argument:325 - Argument : ChannelIndexvalue: null
2025-07-24 22:05:32,428 [INFO] Argument:335 - Argument : ChannelIndexvalue: null
2025-07-24 22:05:32,428 [INFO] Argument:325 - Argument : pSyncConfigvalue: null
2025-07-24 22:05:32,428 [INFO] Argument:327 - 	 sub Args: 
2025-07-24 22:05:32,429 [INFO] Argument:325 - Argument : SyncSignalIDvalue: null
2025-07-24 22:05:32,429 [INFO] Argument:335 - Argument : SyncSignalIDvalue: null
2025-07-24 22:05:32,429 [INFO] Argument:325 - Argument : SyncPolarityvalue: null
2025-07-24 22:05:32,429 [INFO] Argument:335 - Argument : SyncPolarityvalue: null
2025-07-24 22:05:32,429 [INFO] Argument:325 - Argument : SyncEnablevalue: null
2025-07-24 22:05:32,429 [INFO] Argument:335 - Argument : SyncEnablevalue: null
2025-07-24 22:05:32,429 [INFO] Argument:325 - Argument : EventEnablevalue: null
2025-07-24 22:05:32,430 [INFO] Argument:335 - Argument : EventEnablevalue: null
2025-07-24 22:05:32,430 [INFO] Argument:325 - Argument : RequestNumbervalue: null
2025-07-24 22:05:32,430 [INFO] Argument:335 - Argument : RequestNumbervalue: null
2025-07-24 22:05:32,673 [INFO] IP:3329 - RTE Config file name : RTE_Component
2025-07-24 22:05:32,674 [INFO] IP:3347 - RTE template : RTE_Components.ftl
2025-07-24 22:05:32,714 [INFO] CodeEngine:265 - oldGeneratedFile, C:\Users\joeyf\OneDrive\Documents\Joeys_Projects\Chem_Proj_Workspace\Chem_Proj\MXTmpFiles\license.tmp_save
2025-07-24 22:05:33,628 [INFO] CodeEngine:289 - Generated code: C:\Users\joeyf\OneDrive\Documents\Joeys_Projects\Chem_Proj_Workspace\Chem_Proj\MXTmpFiles\license.tmp
2025-07-24 22:05:33,833 [INFO] CodeEngine:265 - oldGeneratedFile, C:\Users\joeyf\OneDrive\Documents\Joeys_Projects\Chem_Proj_Workspace\Chem_Proj\MXTmpFiles\gpio.tmp_save
2025-07-24 22:05:34,889 [INFO] CodeEngine:289 - Generated code: C:\Users\joeyf\OneDrive\Documents\Joeys_Projects\Chem_Proj_Workspace\Chem_Proj\MXTmpFiles\gpio.tmp
2025-07-24 22:05:36,655 [INFO] Middleware:1452 - No code input for Bsp Dependency
2025-07-24 22:05:36,658 [INFO] IP:3329 - RTE Config file name : RTE_Component
2025-07-24 22:05:36,658 [INFO] IP:3347 - RTE template : RTE_Components.ftl
2025-07-24 22:05:36,693 [INFO] CodeEngine:265 - oldGeneratedFile, C:\Users\joeyf\OneDrive\Documents\Joeys_Projects\Chem_Proj_Workspace\Chem_Proj\MXTmpFiles\SCB_CleanInvalidateDCache.tmp_save
2025-07-24 22:05:36,894 [INFO] CodeEngine:289 - Generated code: C:\Users\joeyf\OneDrive\Documents\Joeys_Projects\Chem_Proj_Workspace\Chem_Proj\MXTmpFiles\SCB_CleanInvalidateDCache.tmp
2025-07-24 22:05:36,920 [INFO] CodeEngine:265 - oldGeneratedFile, C:\Users\joeyf\OneDrive\Documents\Joeys_Projects\Chem_Proj_Workspace\Chem_Proj\MXTmpFiles\SCB_InvalidateDCache.tmp_save
2025-07-24 22:05:37,093 [INFO] CodeEngine:289 - Generated code: C:\Users\joeyf\OneDrive\Documents\Joeys_Projects\Chem_Proj_Workspace\Chem_Proj\MXTmpFiles\SCB_InvalidateDCache.tmp
2025-07-24 22:05:37,119 [INFO] CodeEngine:265 - oldGeneratedFile, C:\Users\joeyf\OneDrive\Documents\Joeys_Projects\Chem_Proj_Workspace\Chem_Proj\MXTmpFiles\touchgfx_license.tmp_save
2025-07-24 22:05:37,312 [INFO] CodeEngine:289 - Generated code: C:\Users\joeyf\OneDrive\Documents\Joeys_Projects\Chem_Proj_Workspace\Chem_Proj\MXTmpFiles\touchgfx_license.tmp
2025-07-24 22:05:37,337 [INFO] CodeEngine:265 - oldGeneratedFile, C:\Users\joeyf\OneDrive\Documents\Joeys_Projects\Chem_Proj_Workspace\Chem_Proj\MXTmpFiles\touchgfx_gen_license.tmp_save
2025-07-24 22:05:37,559 [INFO] CodeEngine:289 - Generated code: C:\Users\joeyf\OneDrive\Documents\Joeys_Projects\Chem_Proj_Workspace\Chem_Proj\MXTmpFiles\touchgfx_gen_license.tmp
2025-07-24 22:05:37,580 [INFO] CodeEngine:265 - oldGeneratedFile, C:\Users\joeyf\OneDrive\Documents\Joeys_Projects\Chem_Proj_Workspace\Chem_Proj\MXTmpFiles\oswrappers_noos.tmp_save
2025-07-24 22:05:37,736 [INFO] CodeEngine:289 - Generated code: C:\Users\joeyf\OneDrive\Documents\Joeys_Projects\Chem_Proj_Workspace\Chem_Proj\MXTmpFiles\oswrappers_noos.tmp
2025-07-24 22:05:37,817 [INFO] CodeEngine:265 - oldGeneratedFile, C:\Users\joeyf\OneDrive\Documents\Joeys_Projects\Chem_Proj_Workspace\Chem_Proj\MXTmpFiles\dma.tmp_save
2025-07-24 22:05:37,960 [INFO] CodeEngine:289 - Generated code: C:\Users\joeyf\OneDrive\Documents\Joeys_Projects\Chem_Proj_Workspace\Chem_Proj\MXTmpFiles\dma.tmp
2025-07-24 22:05:37,981 [INFO] CodeEngine:265 - oldGeneratedFile, C:\Users\joeyf\OneDrive\Documents\Joeys_Projects\Chem_Proj_Workspace\Chem_Proj\MXTmpFiles\dma_GV.tmp_save
2025-07-24 22:05:38,120 [INFO] CodeEngine:289 - Generated code: C:\Users\joeyf\OneDrive\Documents\Joeys_Projects\Chem_Proj_Workspace\Chem_Proj\MXTmpFiles\dma_GV.tmp
2025-07-24 22:05:38,160 [INFO] Middleware:1452 - No code input for Bsp Dependency
2025-07-24 22:05:38,162 [INFO] IP:3329 - RTE Config file name : RTE_Component
2025-07-24 22:05:38,162 [INFO] IP:3347 - RTE template : RTE_Components.ftl
2025-07-24 22:05:38,191 [INFO] CodeEngine:265 - oldGeneratedFile, C:\Users\joeyf\OneDrive\Documents\Joeys_Projects\Chem_Proj_Workspace\Chem_Proj\MXTmpFiles\SCB_CleanInvalidateDCache.tmp_save
2025-07-24 22:05:38,330 [INFO] CodeEngine:289 - Generated code: C:\Users\joeyf\OneDrive\Documents\Joeys_Projects\Chem_Proj_Workspace\Chem_Proj\MXTmpFiles\SCB_CleanInvalidateDCache.tmp
2025-07-24 22:05:38,365 [INFO] CodeEngine:265 - oldGeneratedFile, C:\Users\joeyf\OneDrive\Documents\Joeys_Projects\Chem_Proj_Workspace\Chem_Proj\MXTmpFiles\SCB_InvalidateDCache.tmp_save
2025-07-24 22:05:38,519 [INFO] CodeEngine:289 - Generated code: C:\Users\joeyf\OneDrive\Documents\Joeys_Projects\Chem_Proj_Workspace\Chem_Proj\MXTmpFiles\SCB_InvalidateDCache.tmp
2025-07-24 22:05:38,555 [INFO] CodeEngine:265 - oldGeneratedFile, C:\Users\joeyf\OneDrive\Documents\Joeys_Projects\Chem_Proj_Workspace\Chem_Proj\MXTmpFiles\touchgfx_license.tmp_save
2025-07-24 22:05:38,770 [INFO] CodeEngine:289 - Generated code: C:\Users\joeyf\OneDrive\Documents\Joeys_Projects\Chem_Proj_Workspace\Chem_Proj\MXTmpFiles\touchgfx_license.tmp
2025-07-24 22:05:38,802 [INFO] CodeEngine:265 - oldGeneratedFile, C:\Users\joeyf\OneDrive\Documents\Joeys_Projects\Chem_Proj_Workspace\Chem_Proj\MXTmpFiles\touchgfx_gen_license.tmp_save
2025-07-24 22:05:38,946 [INFO] CodeEngine:289 - Generated code: C:\Users\joeyf\OneDrive\Documents\Joeys_Projects\Chem_Proj_Workspace\Chem_Proj\MXTmpFiles\touchgfx_gen_license.tmp
2025-07-24 22:05:38,980 [INFO] CodeEngine:265 - oldGeneratedFile, C:\Users\joeyf\OneDrive\Documents\Joeys_Projects\Chem_Proj_Workspace\Chem_Proj\MXTmpFiles\oswrappers_noos.tmp_save
2025-07-24 22:05:39,122 [INFO] CodeEngine:289 - Generated code: C:\Users\joeyf\OneDrive\Documents\Joeys_Projects\Chem_Proj_Workspace\Chem_Proj\MXTmpFiles\oswrappers_noos.tmp
2025-07-24 22:05:39,156 [INFO] CodeEngine:265 - oldGeneratedFile, C:\Users\joeyf\OneDrive\Documents\Joeys_Projects\Chem_Proj_Workspace\Chem_Proj\TouchGFX\App\app_touchgfx.h_save
2025-07-24 22:05:39,348 [INFO] CodeEngine:289 - Generated code: C:\Users\joeyf\OneDrive\Documents\Joeys_Projects\Chem_Proj_Workspace\Chem_Proj\TouchGFX\App\app_touchgfx.h
2025-07-24 22:05:39,378 [INFO] CodeEngine:265 - oldGeneratedFile, C:\Users\joeyf\OneDrive\Documents\Joeys_Projects\Chem_Proj_Workspace\Chem_Proj\TouchGFX\ApplicationTemplate.touchgfx.part_save
2025-07-24 22:05:39,606 [INFO] CodeEngine:289 - Generated code: C:\Users\joeyf\OneDrive\Documents\Joeys_Projects\Chem_Proj_Workspace\Chem_Proj\TouchGFX\ApplicationTemplate.touchgfx.part
2025-07-24 22:05:39,642 [INFO] CodeEngine:265 - oldGeneratedFile, C:\Users\joeyf\OneDrive\Documents\Joeys_Projects\Chem_Proj_Workspace\Chem_Proj\TouchGFX\target\generated\TouchGFXConfiguration.cpp_save
2025-07-24 22:05:39,907 [INFO] CodeEngine:289 - Generated code: C:\Users\joeyf\OneDrive\Documents\Joeys_Projects\Chem_Proj_Workspace\Chem_Proj\TouchGFX\target\generated\TouchGFXConfiguration.cpp
2025-07-24 22:05:39,951 [INFO] CodeEngine:265 - oldGeneratedFile, C:\Users\joeyf\OneDrive\Documents\Joeys_Projects\Chem_Proj_Workspace\Chem_Proj\TouchGFX\target\generated\TouchGFXGeneratedHAL.hpp_save
2025-07-24 22:05:40,187 [INFO] CodeEngine:289 - Generated code: C:\Users\joeyf\OneDrive\Documents\Joeys_Projects\Chem_Proj_Workspace\Chem_Proj\TouchGFX\target\generated\TouchGFXGeneratedHAL.hpp
2025-07-24 22:05:40,220 [INFO] CodeEngine:265 - oldGeneratedFile, C:\Users\joeyf\OneDrive\Documents\Joeys_Projects\Chem_Proj_Workspace\Chem_Proj\TouchGFX\target\generated\TouchGFXGeneratedHAL.cpp_save
2025-07-24 22:05:40,391 [INFO] CodeEngine:289 - Generated code: C:\Users\joeyf\OneDrive\Documents\Joeys_Projects\Chem_Proj_Workspace\Chem_Proj\TouchGFX\target\generated\TouchGFXGeneratedHAL.cpp
2025-07-24 22:05:40,418 [INFO] CodeEngine:265 - oldGeneratedFile, C:\Users\joeyf\OneDrive\Documents\Joeys_Projects\Chem_Proj_Workspace\Chem_Proj\TouchGFX\target\TouchGFXHAL.hpp_save
2025-07-24 22:05:40,555 [INFO] CodeEngine:289 - Generated code: C:\Users\joeyf\OneDrive\Documents\Joeys_Projects\Chem_Proj_Workspace\Chem_Proj\TouchGFX\target\TouchGFXHAL.hpp
2025-07-24 22:05:40,580 [INFO] CodeEngine:265 - oldGeneratedFile, C:\Users\joeyf\OneDrive\Documents\Joeys_Projects\Chem_Proj_Workspace\Chem_Proj\TouchGFX\target\TouchGFXHAL.cpp_save
2025-07-24 22:05:40,729 [INFO] CodeEngine:289 - Generated code: C:\Users\joeyf\OneDrive\Documents\Joeys_Projects\Chem_Proj_Workspace\Chem_Proj\TouchGFX\target\TouchGFXHAL.cpp
2025-07-24 22:05:40,769 [INFO] CodeEngine:265 - oldGeneratedFile, C:\Users\joeyf\OneDrive\Documents\Joeys_Projects\Chem_Proj_Workspace\Chem_Proj\TouchGFX\target\STM32TouchController.hpp_save
2025-07-24 22:05:41,049 [INFO] CodeEngine:289 - Generated code: C:\Users\joeyf\OneDrive\Documents\Joeys_Projects\Chem_Proj_Workspace\Chem_Proj\TouchGFX\target\STM32TouchController.hpp
2025-07-24 22:05:41,103 [INFO] CodeEngine:265 - oldGeneratedFile, C:\Users\joeyf\OneDrive\Documents\Joeys_Projects\Chem_Proj_Workspace\Chem_Proj\TouchGFX\target\STM32TouchController.cpp_save
2025-07-24 22:05:41,416 [INFO] CodeEngine:289 - Generated code: C:\Users\joeyf\OneDrive\Documents\Joeys_Projects\Chem_Proj_Workspace\Chem_Proj\TouchGFX\target\STM32TouchController.cpp
2025-07-24 22:05:41,477 [INFO] CodeEngine:265 - oldGeneratedFile, C:\Users\joeyf\OneDrive\Documents\Joeys_Projects\Chem_Proj_Workspace\Chem_Proj\TouchGFX\target\generated\STM32DMA.hpp_save
2025-07-24 22:05:41,672 [INFO] CodeEngine:289 - Generated code: C:\Users\joeyf\OneDrive\Documents\Joeys_Projects\Chem_Proj_Workspace\Chem_Proj\TouchGFX\target\generated\STM32DMA.hpp
2025-07-24 22:05:41,699 [INFO] CodeEngine:265 - oldGeneratedFile, C:\Users\joeyf\OneDrive\Documents\Joeys_Projects\Chem_Proj_Workspace\Chem_Proj\TouchGFX\target\generated\STM32DMA.cpp_save
2025-07-24 22:05:41,850 [INFO] CodeEngine:289 - Generated code: C:\Users\joeyf\OneDrive\Documents\Joeys_Projects\Chem_Proj_Workspace\Chem_Proj\TouchGFX\target\generated\STM32DMA.cpp
2025-07-24 22:05:41,878 [INFO] CodeEngine:265 - oldGeneratedFile, C:\Users\joeyf\OneDrive\Documents\Joeys_Projects\Chem_Proj_Workspace\Chem_Proj\TouchGFX\target\generated\OSWrappers.cpp_save
2025-07-24 22:05:42,040 [INFO] CodeEngine:289 - Generated code: C:\Users\joeyf\OneDrive\Documents\Joeys_Projects\Chem_Proj_Workspace\Chem_Proj\TouchGFX\target\generated\OSWrappers.cpp
2025-07-24 22:05:42,064 [INFO] CodeEngine:265 - oldGeneratedFile, C:\Users\joeyf\OneDrive\Documents\Joeys_Projects\Chem_Proj_Workspace\Chem_Proj\TouchGFX\target\TouchGFXGPIO.cpp_save
2025-07-24 22:05:42,214 [INFO] CodeEngine:289 - Generated code: C:\Users\joeyf\OneDrive\Documents\Joeys_Projects\Chem_Proj_Workspace\Chem_Proj\TouchGFX\target\TouchGFXGPIO.cpp
2025-07-24 22:05:42,244 [INFO] CodeEngine:265 - oldGeneratedFile, C:\Users\joeyf\OneDrive\Documents\Joeys_Projects\Chem_Proj_Workspace\Chem_Proj\TouchGFX\App\app_touchgfx.c_save
2025-07-24 22:05:42,399 [INFO] CodeEngine:289 - Generated code: C:\Users\joeyf\OneDrive\Documents\Joeys_Projects\Chem_Proj_Workspace\Chem_Proj\TouchGFX\App\app_touchgfx.c
2025-07-24 22:05:42,464 [INFO] CodeEngine:265 - oldGeneratedFile, C:\Users\joeyf\OneDrive\Documents\Joeys_Projects\Chem_Proj_Workspace\Chem_Proj\Core\Src\stm32l4xx_it.c_save
2025-07-24 22:05:42,784 [INFO] CodeEngine:289 - Generated code: C:\Users\joeyf\OneDrive\Documents\Joeys_Projects\Chem_Proj_Workspace\Chem_Proj\Core\Src\stm32l4xx_it.c
2025-07-24 22:05:42,819 [INFO] CodeEngine:265 - oldGeneratedFile, C:\Users\joeyf\OneDrive\Documents\Joeys_Projects\Chem_Proj_Workspace\Chem_Proj\Core\Inc\stm32l4xx_it.h_save
2025-07-24 22:05:42,992 [INFO] CodeEngine:289 - Generated code: C:\Users\joeyf\OneDrive\Documents\Joeys_Projects\Chem_Proj_Workspace\Chem_Proj\Core\Inc\stm32l4xx_it.h
2025-07-24 22:05:43,013 [INFO] IP:3329 - RTE Config file name : RTE_Component
2025-07-24 22:05:43,014 [INFO] IP:3347 - RTE template : RTE_Components.ftl
2025-07-24 22:05:43,014 [INFO] CodeGenerator:2312 - Add RTE Code Input 
2025-07-24 22:05:43,035 [INFO] CodeEngine:265 - oldGeneratedFile, C:\Users\joeyf\OneDrive\Documents\Joeys_Projects\Chem_Proj_Workspace\Chem_Proj\Core\Inc\RTE_Components.h_save
2025-07-24 22:05:43,163 [INFO] CodeEngine:289 - Generated code: C:\Users\joeyf\OneDrive\Documents\Joeys_Projects\Chem_Proj_Workspace\Chem_Proj\Core\Inc\RTE_Components.h
2025-07-24 22:05:43,231 [INFO] CodeEngine:265 - oldGeneratedFile, C:\Users\joeyf\OneDrive\Documents\Joeys_Projects\Chem_Proj_Workspace\Chem_Proj\Core\Src\stm32l4xx_hal_msp.c_save
2025-07-24 22:05:43,512 [INFO] CodeEngine:289 - Generated code: C:\Users\joeyf\OneDrive\Documents\Joeys_Projects\Chem_Proj_Workspace\Chem_Proj\Core\Src\stm32l4xx_hal_msp.c
2025-07-24 22:05:43,541 [INFO] CodeEngine:265 - oldGeneratedFile, C:\Users\joeyf\OneDrive\Documents\Joeys_Projects\Chem_Proj_Workspace\Chem_Proj\MXTmpFiles\system.tmp_save
2025-07-24 22:05:43,651 [INFO] CodeEngine:289 - Generated code: C:\Users\joeyf\OneDrive\Documents\Joeys_Projects\Chem_Proj_Workspace\Chem_Proj\MXTmpFiles\system.tmp
2025-07-24 22:05:43,691 [INFO] CodeEngine:321 - oldGeneratedFile, C:\Users\joeyf\OneDrive\Documents\Joeys_Projects\Chem_Proj_Workspace\Chem_Proj\Core\Inc\stm32l4xx_hal_conf.h_save
2025-07-24 22:05:43,839 [INFO] CodeEngine:345 - Generated code: C:\Users\joeyf\OneDrive\Documents\Joeys_Projects\Chem_Proj_Workspace\Chem_Proj\Core\Inc\stm32l4xx_hal_conf.h
2025-07-24 22:05:43,935 [INFO] ApiDbMcu:532 - Load IP Config File for TIM4
2025-07-24 22:05:43,960 [INFO] ApiDbMcu:532 - Load IP Config File for TIM15
2025-07-24 22:05:43,964 [WARN] IPConfigManager:3811 - IP not found : TIM
2025-07-24 22:05:43,966 [WARN] CodeGenerator:4259 - IP not found : null
2025-07-24 22:05:43,985 [INFO] CodeEngine:265 - oldGeneratedFile, C:\Users\joeyf\OneDrive\Documents\Joeys_Projects\Chem_Proj_Workspace\Chem_Proj\Core\Inc\main.h_save
2025-07-24 22:05:44,124 [INFO] CodeEngine:289 - Generated code: C:\Users\joeyf\OneDrive\Documents\Joeys_Projects\Chem_Proj_Workspace\Chem_Proj\Core\Inc\main.h
2025-07-24 22:05:44,151 [INFO] CodeEngine:265 - oldGeneratedFile, C:\Users\joeyf\OneDrive\Documents\Joeys_Projects\Chem_Proj_Workspace\Chem_Proj\Core\Src\main.c_save
2025-07-24 22:05:44,366 [INFO] CodeEngine:289 - Generated code: C:\Users\joeyf\OneDrive\Documents\Joeys_Projects\Chem_Proj_Workspace\Chem_Proj\Core\Src\main.c
2025-07-24 22:05:45,574 [INFO] ProjectBuilder:3606 - Time for Copy HAL[1] : 658mS.
2025-07-24 22:05:45,574 [ERROR] Middleware:2950 - Invalid RefComponent list
2025-07-24 22:05:45,574 [ERROR] Middleware:2950 - Invalid RefComponent list
2025-07-24 22:05:45,574 [ERROR] Middleware:2950 - Invalid RefComponent list
2025-07-24 22:05:45,574 [ERROR] Middleware:2950 - Invalid RefComponent list
2025-07-24 22:05:45,574 [ERROR] Middleware:2950 - Invalid RefComponent list
2025-07-24 22:05:45,574 [ERROR] Middleware:2950 - Invalid RefComponent list
2025-07-24 22:05:45,574 [ERROR] Middleware:2950 - Invalid RefComponent list
2025-07-24 22:05:45,574 [ERROR] Middleware:2950 - Invalid RefComponent list
2025-07-24 22:05:45,575 [ERROR] Middleware:2950 - Invalid RefComponent list
2025-07-24 22:05:45,575 [ERROR] Middleware:2950 - Invalid RefComponent list
2025-07-24 22:05:45,575 [ERROR] Middleware:2950 - Invalid RefComponent list
2025-07-24 22:05:45,575 [ERROR] Middleware:2950 - Invalid RefComponent list
2025-07-24 22:05:45,575 [ERROR] Middleware:2950 - Invalid RefComponent list
2025-07-24 22:05:45,575 [ERROR] Middleware:2950 - Invalid RefComponent list
2025-07-24 22:05:45,575 [ERROR] Middleware:2950 - Invalid RefComponent list
2025-07-24 22:05:45,576 [ERROR] Middleware:2950 - Invalid RefComponent list
2025-07-24 22:05:45,576 [ERROR] Middleware:2950 - Invalid RefComponent list
2025-07-24 22:05:45,576 [ERROR] Middleware:2950 - Invalid RefComponent list
2025-07-24 22:05:45,576 [ERROR] Middleware:2950 - Invalid RefComponent list
2025-07-24 22:05:45,576 [ERROR] Middleware:2950 - Invalid RefComponent list
2025-07-24 22:05:45,576 [ERROR] Middleware:2950 - Invalid RefComponent list
2025-07-24 22:05:45,576 [ERROR] Middleware:2950 - Invalid RefComponent list
2025-07-24 22:05:45,576 [ERROR] Middleware:2950 - Invalid RefComponent list
2025-07-24 22:05:45,576 [ERROR] Middleware:2950 - Invalid RefComponent list
2025-07-24 22:05:45,576 [ERROR] Middleware:2950 - Invalid RefComponent list
2025-07-24 22:05:45,576 [ERROR] Middleware:2950 - Invalid RefComponent list
2025-07-24 22:05:45,576 [ERROR] Middleware:2950 - Invalid RefComponent list
2025-07-24 22:05:45,576 [ERROR] Middleware:2950 - Invalid RefComponent list
2025-07-24 22:05:45,576 [ERROR] Middleware:2950 - Invalid RefComponent list
2025-07-24 22:05:45,576 [ERROR] Middleware:2950 - Invalid RefComponent list
2025-07-24 22:05:45,576 [ERROR] Middleware:2950 - Invalid RefComponent list
2025-07-24 22:05:45,576 [ERROR] Middleware:2950 - Invalid RefComponent list
2025-07-24 22:05:45,576 [ERROR] Middleware:2950 - Invalid RefComponent list
2025-07-24 22:05:45,576 [ERROR] Middleware:2950 - Invalid RefComponent list
2025-07-24 22:05:45,576 [ERROR] Middleware:2950 - Invalid RefComponent list
2025-07-24 22:05:45,576 [ERROR] Middleware:2950 - Invalid RefComponent list
2025-07-24 22:05:45,576 [ERROR] Middleware:2950 - Invalid RefComponent list
2025-07-24 22:05:45,576 [ERROR] Middleware:2950 - Invalid RefComponent list
2025-07-24 22:05:45,576 [ERROR] Middleware:2950 - Invalid RefComponent list
2025-07-24 22:05:45,576 [ERROR] Middleware:2950 - Invalid RefComponent list
2025-07-24 22:05:45,576 [ERROR] Middleware:2950 - Invalid RefComponent list
2025-07-24 22:05:45,576 [ERROR] Middleware:2950 - Invalid RefComponent list
2025-07-24 22:05:45,576 [ERROR] Middleware:2950 - Invalid RefComponent list
2025-07-24 22:05:45,577 [ERROR] Middleware:2950 - Invalid RefComponent list
2025-07-24 22:05:45,577 [ERROR] Middleware:2950 - Invalid RefComponent list
2025-07-24 22:05:45,577 [ERROR] Middleware:2950 - Invalid RefComponent list
2025-07-24 22:05:45,577 [ERROR] Middleware:2950 - Invalid RefComponent list
2025-07-24 22:05:45,577 [ERROR] Middleware:2950 - Invalid RefComponent list
2025-07-24 22:05:45,577 [ERROR] Middleware:2950 - Invalid RefComponent list
2025-07-24 22:05:45,577 [ERROR] Middleware:2950 - Invalid RefComponent list
2025-07-24 22:05:45,577 [ERROR] Middleware:2950 - Invalid RefComponent list
2025-07-24 22:05:45,577 [ERROR] Middleware:2950 - Invalid RefComponent list
2025-07-24 22:05:45,577 [ERROR] Middleware:2950 - Invalid RefComponent list
2025-07-24 22:05:45,577 [ERROR] Middleware:2950 - Invalid RefComponent list
2025-07-24 22:05:45,577 [ERROR] Middleware:2950 - Invalid RefComponent list
2025-07-24 22:05:45,577 [ERROR] Middleware:2950 - Invalid RefComponent list
2025-07-24 22:05:45,577 [ERROR] Middleware:2950 - Invalid RefComponent list
2025-07-24 22:05:45,577 [ERROR] Middleware:2950 - Invalid RefComponent list
2025-07-24 22:05:45,577 [ERROR] Middleware:2950 - Invalid RefComponent list
2025-07-24 22:05:45,577 [ERROR] Middleware:2950 - Invalid RefComponent list
2025-07-24 22:05:45,577 [ERROR] Middleware:2950 - Invalid RefComponent list
2025-07-24 22:05:45,577 [ERROR] Middleware:2950 - Invalid RefComponent list
2025-07-24 22:05:45,577 [ERROR] Middleware:2950 - Invalid RefComponent list
2025-07-24 22:05:45,577 [ERROR] Middleware:2950 - Invalid RefComponent list
2025-07-24 22:05:45,577 [ERROR] Middleware:2950 - Invalid RefComponent list
2025-07-24 22:05:45,577 [ERROR] Middleware:2950 - Invalid RefComponent list
2025-07-24 22:05:45,577 [ERROR] Middleware:2950 - Invalid RefComponent list
2025-07-24 22:05:45,577 [ERROR] Middleware:2950 - Invalid RefComponent list
2025-07-24 22:05:45,577 [ERROR] Middleware:2950 - Invalid RefComponent list
2025-07-24 22:05:45,577 [ERROR] Middleware:2950 - Invalid RefComponent list
2025-07-24 22:05:45,577 [ERROR] Middleware:2950 - Invalid RefComponent list
2025-07-24 22:05:45,577 [ERROR] Middleware:2950 - Invalid RefComponent list
2025-07-24 22:05:45,577 [ERROR] Middleware:2950 - Invalid RefComponent list
2025-07-24 22:05:45,578 [ERROR] Middleware:2950 - Invalid RefComponent list
2025-07-24 22:05:45,578 [ERROR] Middleware:2950 - Invalid RefComponent list
2025-07-24 22:05:45,578 [ERROR] Middleware:2950 - Invalid RefComponent list
2025-07-24 22:05:45,578 [ERROR] Middleware:2950 - Invalid RefComponent list
2025-07-24 22:05:45,578 [ERROR] Middleware:2950 - Invalid RefComponent list
2025-07-24 22:05:45,578 [ERROR] Middleware:2950 - Invalid RefComponent list
2025-07-24 22:05:45,578 [ERROR] Middleware:2950 - Invalid RefComponent list
2025-07-24 22:05:45,578 [ERROR] Middleware:2950 - Invalid RefComponent list
2025-07-24 22:05:45,578 [ERROR] Middleware:2950 - Invalid RefComponent list
2025-07-24 22:05:45,578 [ERROR] Middleware:2950 - Invalid RefComponent list
2025-07-24 22:05:45,578 [ERROR] Middleware:2950 - Invalid RefComponent list
2025-07-24 22:05:45,578 [ERROR] Middleware:2950 - Invalid RefComponent list
2025-07-24 22:05:45,578 [ERROR] Middleware:2950 - Invalid RefComponent list
2025-07-24 22:05:45,578 [ERROR] Middleware:2950 - Invalid RefComponent list
2025-07-24 22:05:45,578 [ERROR] Middleware:2950 - Invalid RefComponent list
2025-07-24 22:05:45,578 [ERROR] Middleware:2950 - Invalid RefComponent list
2025-07-24 22:05:45,578 [ERROR] Middleware:2950 - Invalid RefComponent list
2025-07-24 22:05:45,578 [ERROR] Middleware:2950 - Invalid RefComponent list
2025-07-24 22:05:45,578 [ERROR] Middleware:2950 - Invalid RefComponent list
2025-07-24 22:05:45,578 [ERROR] Middleware:2950 - Invalid RefComponent list
2025-07-24 22:05:45,578 [ERROR] Middleware:2950 - Invalid RefComponent list
2025-07-24 22:05:45,578 [ERROR] Middleware:2950 - Invalid RefComponent list
2025-07-24 22:05:45,578 [ERROR] Middleware:2950 - Invalid RefComponent list
2025-07-24 22:05:45,578 [ERROR] Middleware:2950 - Invalid RefComponent list
2025-07-24 22:05:45,578 [ERROR] Middleware:2950 - Invalid RefComponent list
2025-07-24 22:05:45,578 [ERROR] Middleware:2950 - Invalid RefComponent list
2025-07-24 22:05:45,578 [ERROR] Middleware:2950 - Invalid RefComponent list
2025-07-24 22:05:45,578 [ERROR] Middleware:2950 - Invalid RefComponent list
2025-07-24 22:05:45,578 [ERROR] Middleware:2950 - Invalid RefComponent list
2025-07-24 22:05:45,596 [INFO] ProjectBuilder:5216 - Project Generator version: 4.7.0-B52
2025-07-24 22:05:45,689 [INFO] ConfigFileManager:1595 - The Die is : DIE415
2025-07-24 22:05:50,339 [INFO] ProjectBuilder:5496 - Time for Generating toolchain IDE Files: 4743mS.
2025-07-24 22:05:50,344 [INFO] ProjectBuilder:3463 - Time for Copy CMSIS : 4mS.
2025-07-24 22:05:50,484 [INFO] ProjectBuilder:3463 - Time for Copy CMSIS : 0mS.
2025-07-24 23:58:41,203 [INFO] MainUpdater:2872 - connection check result : 10
2025-07-24 23:58:41,203 [INFO] MainUpdater:2872 - connection check result : 10
2025-07-24 23:58:41,279 [INFO] MicroXplorer:468 - Change Database Path : 
2025-07-24 23:58:41,279 [INFO] MicroXplorer:498 - Change Database Version : DB.6.0.150
2025-07-24 23:58:41,373 [ERROR] ProjectManagerView:395 - 
java.lang.NullPointerException: Cannot invoke "javax.swing.JTextField.getText()" because the return value of "java.util.List.get(int)" is null
	at com.st.microxplorer.plugins.projectmanager.gui.ProjectChoiceTab$9.caretUpdate(ProjectChoiceTab.java:2706) ~[filemanager.jar:?]
	at javax.swing.text.JTextComponent.fireCaretUpdate(JTextComponent.java:408) ~[?:?]
	at javax.swing.text.JTextComponent$MutableCaretEvent.fire(JTextComponent.java:4484) ~[?:?]
	at javax.swing.text.JTextComponent$MutableCaretEvent.stateChanged(JTextComponent.java:4506) ~[?:?]
	at javax.swing.text.DefaultCaret.fireStateChanged(DefaultCaret.java:857) ~[?:?]
	at javax.swing.text.DefaultCaret.changeCaretPosition(DefaultCaret.java:1343) ~[?:?]
	at javax.swing.text.DefaultCaret.handleSetDot(DefaultCaret.java:1242) ~[?:?]
	at javax.swing.text.DefaultCaret.setDot(DefaultCaret.java:1223) ~[?:?]
	at javax.swing.text.DefaultCaret$Handler.insertUpdate(DefaultCaret.java:1819) ~[?:?]
	at javax.swing.text.AbstractDocument.fireInsertUpdate(AbstractDocument.java:227) ~[?:?]
	at javax.swing.text.AbstractDocument.handleInsertString(AbstractDocument.java:781) ~[?:?]
	at javax.swing.text.AbstractDocument.insertString(AbstractDocument.java:740) ~[?:?]
	at javax.swing.text.PlainDocument.insertString(PlainDocument.java:131) ~[?:?]
	at javax.swing.text.AbstractDocument.replace(AbstractDocument.java:699) ~[?:?]
	at javax.swing.text.JTextComponent.setText(JTextComponent.java:1725) ~[?:?]
	at com.st.microxplorer.plugins.projectmanager.gui.ProjectChoiceTab.createHeapStackFields(ProjectChoiceTab.java:993) ~[filemanager.jar:?]
	at com.st.microxplorer.plugins.projectmanager.gui.ProjectChoiceTab.buildLinkSettingsPanel(ProjectChoiceTab.java:3813) ~[filemanager.jar:?]
	at com.st.microxplorer.plugins.projectmanager.gui.ProjectChoiceTab.defineWindowsFields(ProjectChoiceTab.java:1987) ~[filemanager.jar:?]
	at com.st.microxplorer.plugins.projectmanager.gui.ProjectChoiceTab.updateSettings(ProjectChoiceTab.java:558) ~[filemanager.jar:?]
	at com.st.microxplorer.plugins.projectmanager.gui.ProjectSettingsPanel.UpdateDialog(ProjectSettingsPanel.java:247) ~[filemanager.jar:?]
	at com.st.microxplorer.plugins.projectmanager.ProjectManagerView.propertyChange(ProjectManagerView.java:392) ~[filemanager.jar:?]
	at java.beans.PropertyChangeSupport.fire(PropertyChangeSupport.java:343) ~[?:?]
	at java.beans.PropertyChangeSupport.firePropertyChange(PropertyChangeSupport.java:335) ~[?:?]
	at java.beans.PropertyChangeSupport.firePropertyChange(PropertyChangeSupport.java:268) ~[?:?]
	at com.st.microxplorer.util.MXPropertyChangeSupport.firePropertyChange(MXPropertyChangeSupport.java:54) ~[STM32CubeMX.jar:?]
	at com.st.microxplorer.mxsystem.MxSystem.closeConfig(MxSystem.java:899) ~[STM32CubeMX.jar:?]
	at com.st.microxplorer.maingui.MainPanel.closeConfig(MainPanel.java:792) ~[STM32CubeMX.jar:?]
	at com.st.microxplorer.plugins.filemanager.engine.OpenFileManager.loadConfigurationFile(OpenFileManager.java:288) ~[filemanager.jar:?]
	at com.st.microxplorer.plugins.filemanager.engine.MainFileManager.userLoadConfig(MainFileManager.java:364) ~[filemanager.jar:?]
	at com.st.microxplorer.plugins.filemanager.engine.MainFileManager.userLoadConfig(MainFileManager.java:342) ~[filemanager.jar:?]
	at com.st.microxplorer.plugins.filemanager.FileManagerView.getSpecificTask(FileManagerView.java:264) ~[filemanager.jar:?]
	at com.st.stm32cube.common.mx.editor.CubeMxEditor.getMxTabbedPaneInstance(CubeMxEditor.java:1198) ~[com.st.stm32cube.common.mx_6.15.0.202507011659/:?]
	at com.st.stm32cube.common.mx.editor.CubeMxEditor$12$1.createSwingComponent(CubeMxEditor.java:1068) ~[com.st.stm32cube.common.mx_6.15.0.202507011659/:?]
	at com.st.stm32cube.common.mx.oss.core.awtswtbridge.EmbeddedSwingComposite.doComponentCreation(EmbeddedSwingComposite.java:492) ~[com.st.stm32cube.common.mx.oss_6.15.0.202507011659/:?]
	at com.st.stm32cube.common.mx.oss.core.awtswtbridge.EmbeddedSwingComposite$4.run(EmbeddedSwingComposite.java:291) ~[com.st.stm32cube.common.mx.oss_6.15.0.202507011659/:?]
	at com.st.stm32cube.common.mx.oss.core.awtswtbridge.AwtEnvironment$2.run(AwtEnvironment.java:166) ~[com.st.stm32cube.common.mx.oss_6.15.0.202507011659/:?]
	at java.awt.event.InvocationEvent.dispatch(InvocationEvent.java:318) ~[?:?]
	at java.awt.EventQueue.dispatchEventImpl(EventQueue.java:773) ~[?:?]
	at java.awt.EventQueue$4.run(EventQueue.java:720) ~[?:?]
	at java.awt.EventQueue$4.run(EventQueue.java:714) ~[?:?]
	at java.security.AccessController.doPrivileged(AccessController.java:400) ~[?:?]
	at java.security.ProtectionDomain$JavaSecurityAccessImpl.doIntersectionPrivilege(ProtectionDomain.java:87) ~[?:?]
	at java.awt.EventQueue.dispatchEvent(EventQueue.java:742) ~[?:?]
	at java.awt.EventDispatchThread.pumpOneEventForFilters(EventDispatchThread.java:203) ~[?:?]
	at java.awt.EventDispatchThread.pumpEventsForFilter(EventDispatchThread.java:124) ~[?:?]
	at java.awt.EventDispatchThread.pumpEventsForHierarchy(EventDispatchThread.java:113) ~[?:?]
	at java.awt.EventDispatchThread.pumpEvents(EventDispatchThread.java:109) ~[?:?]
	at java.awt.EventDispatchThread.pumpEvents(EventDispatchThread.java:101) ~[?:?]
	at java.awt.EventDispatchThread.run(EventDispatchThread.java:90) ~[?:?]
2025-07-24 23:58:41,378 [WARN] ThirdParty:871 - waiting for thirdparty lock release [close project]
2025-07-24 23:58:41,378 [INFO] ThirdParty:873 - entering critical section [close project]
2025-07-24 23:58:41,378 [INFO] ThirdParty:883 - exiting critical section [close project]
2025-07-24 23:58:41,384 [INFO] PinOutPanel:1589 - setPackage(No Configuration,No Configuration)
2025-07-24 23:58:41,406 [INFO] UtilMem:75 - Begin LoadConfig() Used Memory: 801473440 Bytes (943718400)
2025-07-24 23:58:41,408 [INFO] MicroXplorer:468 - Change Database Path : 
2025-07-24 23:58:41,408 [INFO] MicroXplorer:498 - Change Database Version : DB.6.0.150
2025-07-24 23:58:41,408 [INFO] OpenFileManager:355 - Change cursor
2025-07-24 23:58:41,467 [INFO] RulesReader:64 - Compatibility file has been processed (317 Rules)
2025-07-24 23:58:41,482 [INFO] Mcu:2029 - Initializing MCU STM32L476R(C-E-G)Tx STM32L476RGTx STM32L476RGT3
2025-07-24 23:58:46,153 [INFO] Context:786 - Trying to add GPIOservice into a context  which must be forbidden
2025-07-24 23:58:48,193 [INFO] ApiDbMcu:532 - Load IP Config File for STMicroelectronics.X-CUBE-TOUCHGFX.4.25.0
2025-07-24 23:58:48,792 [INFO] ImportTextPane:234 - (OptionalMessage_ERROR) Pin24 (VP_RIF_VS_RIF1) cannot be retrieved for this MCU
2025-07-24 23:58:49,428 [INFO] RtosManager:558 - Registered RTOS mode: class=CMSIS, group=RTOS, mode=CMSIS_V1, owner=FREERTOS
2025-07-24 23:58:49,429 [INFO] RtosManager:558 - Registered RTOS mode: class=CMSIS, group=RTOS2, mode=CMSIS_V2, owner=FREERTOS
2025-07-24 23:58:49,429 [INFO] RtosManager:558 - Registered RTOS mode: class=RTOS, group=Core, mode=CMSIS_V1, owner=FREERTOS
2025-07-24 23:58:49,430 [INFO] RtosManager:558 - Registered RTOS mode: class=RTOS, group=Core, mode=CMSIS_V2, owner=FREERTOS
2025-07-24 23:58:49,430 [WARN] ModelIntegratedComponent:184 - Missing modes for component STMicroelectronics:FreeRTOS:0.0.1:STMicroelectronics:RTOS:FreeRTOS:Core:::10.2.0:
2025-07-24 23:58:49,457 [WARN] ModelIntegratedComponent:63 - No mode defined for component null
2025-07-24 23:58:49,458 [WARN] ModelIntegratedComponent:63 - No mode defined for component null
2025-07-24 23:58:49,458 [WARN] ModelIntegratedComponent:63 - No mode defined for component null
2025-07-24 23:58:49,458 [WARN] ModelIntegratedComponent:63 - No mode defined for component null
2025-07-24 23:58:49,458 [WARN] ModelIntegratedComponent:63 - No mode defined for component null
2025-07-24 23:58:49,458 [WARN] ModelIntegratedComponent:63 - No mode defined for component null
2025-07-24 23:58:49,459 [WARN] ModelIntegratedComponent:63 - No mode defined for component null
2025-07-24 23:58:49,459 [WARN] ModelIntegratedComponent:63 - No mode defined for component null
2025-07-24 23:58:49,460 [WARN] ModelIntegratedComponent:63 - No mode defined for component null
2025-07-24 23:58:49,460 [WARN] ModelIntegratedComponent:63 - No mode defined for component null
2025-07-24 23:58:49,461 [WARN] ModelIntegratedComponent:63 - No mode defined for component null
2025-07-24 23:58:49,461 [WARN] ModelIntegratedComponent:63 - No mode defined for component null
2025-07-24 23:58:49,461 [WARN] ModelIntegratedComponent:63 - No mode defined for component null
2025-07-24 23:58:49,462 [WARN] ModelIntegratedComponent:63 - No mode defined for component null
2025-07-24 23:58:49,463 [WARN] ModelIntegratedComponent:63 - No mode defined for component null
2025-07-24 23:58:49,463 [WARN] ModelIntegratedComponent:63 - No mode defined for component null
2025-07-24 23:58:49,463 [WARN] ModelIntegratedComponent:63 - No mode defined for component null
2025-07-24 23:58:49,463 [WARN] ModelIntegratedComponent:63 - No mode defined for component null
2025-07-24 23:58:49,464 [WARN] ModelIntegratedComponent:63 - No mode defined for component null
2025-07-24 23:58:49,464 [WARN] ModelIntegratedComponent:63 - No mode defined for component null
2025-07-24 23:58:49,465 [WARN] ModelIntegratedComponent:63 - No mode defined for component null
2025-07-24 23:58:49,465 [WARN] ModelIntegratedComponent:63 - No mode defined for component null
2025-07-24 23:58:49,465 [WARN] ModelIntegratedComponent:63 - No mode defined for component null
2025-07-24 23:58:49,465 [WARN] ModelIntegratedComponent:63 - No mode defined for component null
2025-07-24 23:58:49,465 [WARN] ModelIntegratedComponent:63 - No mode defined for component null
2025-07-24 23:58:49,465 [WARN] ModelIntegratedComponent:63 - No mode defined for component null
2025-07-24 23:58:49,465 [WARN] ModelIntegratedComponent:63 - No mode defined for component null
2025-07-24 23:58:49,465 [WARN] ModelIntegratedComponent:63 - No mode defined for component null
2025-07-24 23:58:49,465 [WARN] ModelIntegratedComponent:63 - No mode defined for component null
2025-07-24 23:58:49,466 [WARN] ModelIntegratedComponent:63 - No mode defined for component null
2025-07-24 23:58:49,466 [WARN] ModelIntegratedComponent:63 - No mode defined for component null
2025-07-24 23:58:49,466 [WARN] ModelIntegratedComponent:63 - No mode defined for component null
2025-07-24 23:58:49,466 [WARN] ModelIntegratedComponent:63 - No mode defined for component null
2025-07-24 23:58:49,466 [WARN] ModelIntegratedComponent:63 - No mode defined for component null
2025-07-24 23:58:49,466 [WARN] ModelIntegratedComponent:63 - No mode defined for component null
2025-07-24 23:58:49,466 [WARN] ModelPack:524 - Component already loaded: STMicroelectronics:HAL Drivers:0.0.0:STMicroelectronics:Device:STMicro_Driver:XSPI:HAL::0.0.1:HAL_XSPI
2025-07-24 23:58:50,516 [INFO] ThirdPartyModel:298 - Start build external matchings
2025-07-24 23:58:51,923 [INFO] ThirdPartyModel:316 - End build external matchings
2025-07-24 23:58:51,967 [INFO] ImportTextPane:234 - (OptionalMessage_ERROR) IP (DMA) : Parameter (Instance) has Id (SPI1_TX) currently not set
2025-07-24 23:58:51,967 [INFO] ImportTextPane:234 - (OptionalMessage_ERROR) IP (DMA) : Parameter (Request) has Id (SPI1_TX) currently not set
2025-07-24 23:58:51,967 [INFO] ImportTextPane:234 - (OptionalMessage_ERROR) IP (DMA) : Parameter (Direction) has Id (SPI1_TX) currently not set
2025-07-24 23:58:51,967 [INFO] ImportTextPane:234 - (OptionalMessage_ERROR) IP (DMA) : Parameter (PeriphInc) has Id (SPI1_TX) currently not set
2025-07-24 23:58:51,967 [INFO] ImportTextPane:234 - (OptionalMessage_ERROR) IP (DMA) : Parameter (MemInc) has Id (SPI1_TX) currently not set
2025-07-24 23:58:51,968 [INFO] ImportTextPane:234 - (OptionalMessage_ERROR) IP (DMA) : Parameter (PeriphDataAlignment) has Id (SPI1_TX) currently not set
2025-07-24 23:58:51,968 [INFO] ImportTextPane:234 - (OptionalMessage_ERROR) IP (DMA) : Parameter (MemDataAlignment) has Id (SPI1_TX) currently not set
2025-07-24 23:58:51,968 [INFO] ImportTextPane:234 - (OptionalMessage_ERROR) IP (DMA) : Parameter (Mode) has Id (SPI1_TX) currently not set
2025-07-24 23:58:51,969 [INFO] ImportTextPane:234 - (OptionalMessage_ERROR) IP (DMA) : Parameter (Priority) has Id (SPI1_TX) currently not set
2025-07-24 23:58:51,975 [INFO] ImportTextPane:234 - (OptionalMessage_ERROR) IP (STMicroelectronics.X-CUBE-TOUCHGFX.4.25.0) : Parameter (ApplicationCcGraphicsJjApplication) has invalid value (TouchGFXOoGenerator)
2025-07-24 23:58:53,207 [INFO] UtilMem:75 - End LoadConfig() Used Memory: 553435888 Bytes (943718400)
2025-07-24 23:58:53,410 [WARN] ThirdParty:833 - waiting for thirdparty lock release [change project]
2025-07-24 23:58:53,412 [INFO] ThirdParty:835 - entering critical section [change project]
2025-07-24 23:58:53,412 [INFO] ThirdParty:1030 - CMSIS Pack Vendor :STMicroelectronics X-CUBE-PM33A1 1.0.0
2025-07-24 23:58:53,412 [INFO] ThirdParty:1030 - CMSIS Pack Vendor :STMicroelectronics USBPD 4.1
2025-07-24 23:58:53,413 [INFO] ThirdParty:1030 - CMSIS Pack Vendor :STMicroelectronics X-CUBE-AZRTOS-H7 3.3.0
2025-07-24 23:58:53,413 [INFO] ThirdParty:1030 - CMSIS Pack Vendor :STMicroelectronics X-CUBE-NFC9 1.0.0
2025-07-24 23:58:53,413 [INFO] ThirdParty:1030 - CMSIS Pack Vendor :STMicroelectronics USB_HOST 2.0.0
2025-07-24 23:58:53,413 [INFO] ThirdParty:1030 - CMSIS Pack Vendor :STMicroelectronics FP-SNS-MOTENVWB1 1.4.0
2025-07-24 23:58:53,413 [INFO] ThirdParty:1030 - CMSIS Pack Vendor :STMicroelectronics X-CUBE-AZRTOS-F4 1.1.0
2025-07-24 23:58:53,414 [INFO] ThirdParty:1030 - CMSIS Pack Vendor :STMicroelectronics LIBJPEG 8.0.0
2025-07-24 23:58:53,414 [INFO] ThirdParty:1030 - CMSIS Pack Vendor :STMicroelectronics FP-ATR-ASTRA1 2.0.2
2025-07-24 23:58:53,414 [INFO] ThirdParty:1030 - CMSIS Pack Vendor :STMicroelectronics FP-ATR-ASTRA1 2.0.1
2025-07-24 23:58:53,414 [INFO] ThirdParty:1030 - CMSIS Pack Vendor :STMicroelectronics X-CUBE-BLE1 7.1.0
2025-07-24 23:58:53,414 [INFO] ThirdParty:1030 - CMSIS Pack Vendor :Avnet-IotConnect X-CUBE-IoTC-DA16k-PMOD 1.0.0
2025-07-24 23:58:53,415 [INFO] ThirdParty:1030 - CMSIS Pack Vendor :STMicroelectronics X-CUBE-SMBUS 2.1.0
2025-07-24 23:58:53,415 [INFO] ThirdParty:1030 - CMSIS Pack Vendor :STMicroelectronics X-CUBE-WB05N 1.1.0
2025-07-24 23:58:53,415 [INFO] ThirdParty:1030 - CMSIS Pack Vendor :STMicroelectronics USB_DEVICE 3.0.0
2025-07-24 23:58:53,415 [INFO] ThirdParty:1030 - CMSIS Pack Vendor :STMicroelectronics X-CUBE-ISPU 2.1.0
2025-07-24 23:58:53,415 [INFO] ThirdParty:1030 - CMSIS Pack Vendor :STMicroelectronics X-CUBE-EEPRMA1 5.2.0
2025-07-24 23:58:53,415 [INFO] ThirdParty:1030 - CMSIS Pack Vendor :STMicroelectronics X-CUBE-BLEMGR 4.1.0
2025-07-24 23:58:53,416 [INFO] ThirdParty:1030 - CMSIS Pack Vendor :STMicroelectronics X-CUBE-AZRTOS-WB 2.0.0
2025-07-24 23:58:53,416 [INFO] ThirdParty:1030 - CMSIS Pack Vendor :STMicroelectronics X-CUBE-ST60 1.0.0
2025-07-24 23:58:53,416 [INFO] ThirdParty:1030 - CMSIS Pack Vendor :STMicroelectronics X-CUBE-NFC12 1.0.0
2025-07-24 23:58:53,416 [INFO] ThirdParty:1030 - CMSIS Pack Vendor :STMicroelectronics X-CUBE-AZRTOS-F7 1.1.0
2025-07-24 23:58:53,416 [INFO] ThirdParty:1030 - CMSIS Pack Vendor :STMicroelectronics X-CUBE-AZRTOS-L5 2.0.0
2025-07-24 23:58:53,416 [INFO] ThirdParty:1030 - CMSIS Pack Vendor :STMicroelectronics X-CUBE-TOUCHGFX 4.25.0
2025-07-24 23:58:53,416 [INFO] ThirdParty:1030 - CMSIS Pack Vendor :STMicroelectronics USB_DEVICE 2.0.0
2025-07-24 23:58:53,417 [INFO] ThirdParty:1030 - CMSIS Pack Vendor :STMicroelectronics X-CUBE-NFC6 3.1.0
2025-07-24 23:58:53,417 [INFO] ThirdParty:1030 - CMSIS Pack Vendor :STMicroelectronics X-CUBE-AI 10.1.0
2025-07-24 23:58:53,417 [INFO] ThirdParty:1030 - CMSIS Pack Vendor :STMicroelectronics FP-SNS-STBOX1 2.0.0
2025-07-24 23:58:53,417 [INFO] ThirdParty:1030 - CMSIS Pack Vendor :STMicroelectronics X-CUBE-MEMS1 11.2.0
2025-07-24 23:58:53,417 [INFO] ThirdParty:1030 - CMSIS Pack Vendor :STMicroelectronics FreeRTOS 0.0.1
2025-07-24 23:58:53,417 [INFO] ThirdParty:1030 - CMSIS Pack Vendor :STMicroelectronics X-CUBE-AZRTOS-G0 1.1.0
2025-07-24 23:58:53,417 [INFO] ThirdParty:1030 - CMSIS Pack Vendor :STMicroelectronics X-CUBE-SAFEA1 1.2.2
2025-07-24 23:58:53,417 [INFO] ThirdParty:1030 - CMSIS Pack Vendor :STMicroelectronics X-CUBE-NFC4 3.0.0
2025-07-24 23:58:53,417 [INFO] ThirdParty:1030 - CMSIS Pack Vendor :STMicroelectronics X-CUBE-DPower 1.2.0
2025-07-24 23:58:53,418 [INFO] ThirdParty:1030 - CMSIS Pack Vendor :STMicroelectronics X-CUBE-SUBG2 5.0.0
2025-07-24 23:58:53,418 [INFO] ThirdParty:1030 - CMSIS Pack Vendor :STMicroelectronics X-CUBE-AZRTOS-H7RS 1.1.0
2025-07-24 23:58:53,418 [INFO] ThirdParty:1030 - CMSIS Pack Vendor :STMicroelectronics STM32_WPAN 1.0.0
2025-07-24 23:58:53,418 [INFO] ThirdParty:1030 - CMSIS Pack Vendor :EmbeddedOffice I-CUBE-FS-RTOS 1.0.1
2025-07-24 23:58:53,418 [INFO] ThirdParty:1030 - CMSIS Pack Vendor :STMicroelectronics lwIP 2.0.3
2025-07-24 23:58:53,418 [INFO] ThirdParty:1030 - CMSIS Pack Vendor :STMicroelectronics FP-SNS-FLIGHT1 5.0.2
2025-07-24 23:58:53,418 [INFO] ThirdParty:1030 - CMSIS Pack Vendor :Cesanta I-CUBE-Mongoose 7.13.0
2025-07-24 23:58:53,418 [INFO] ThirdParty:1030 - CMSIS Pack Vendor :STMicroelectronics USB_HOST 1.0.0
2025-07-24 23:58:53,418 [INFO] ThirdParty:1030 - CMSIS Pack Vendor :Infineon AIROC-Wi-Fi-Bluetooth-STM32 1.7.0
2025-07-24 23:58:53,418 [INFO] ThirdParty:1030 - CMSIS Pack Vendor :STMicroelectronics X-CUBE-AZRTOS-G4 2.0.0
2025-07-24 23:58:53,418 [INFO] ThirdParty:1030 - CMSIS Pack Vendor :STMicroelectronics X-CUBE-WB05N 2.0.0
2025-07-24 23:58:53,419 [INFO] ThirdParty:1030 - CMSIS Pack Vendor :STMicroelectronics PDM2PCM 3.1.0
2025-07-24 23:58:53,419 [INFO] ThirdParty:1030 - CMSIS Pack Vendor :STMicroelectronics PDM2PCM 3.3.0
2025-07-24 23:58:53,419 [INFO] ThirdParty:1030 - CMSIS Pack Vendor :STMicroelectronics X-CUBE-AZRTOS-H7 3.4.0
2025-07-24 23:58:53,419 [INFO] ThirdParty:1030 - CMSIS Pack Vendor :STMicroelectronics X-CUBE-DISPLAY 3.0.0
2025-07-24 23:58:53,419 [INFO] ThirdParty:1030 - CMSIS Pack Vendor :STMicroelectronics X-CUBE-NFC7 2.0.0
2025-07-24 23:58:53,419 [INFO] ThirdParty:1030 - CMSIS Pack Vendor :RealThread X-CUBE-RT-Thread_Nano 4.1.1
2025-07-24 23:58:53,419 [INFO] ThirdParty:1030 - CMSIS Pack Vendor :STMicroelectronics X-CUBE-BLE1 7.0.0
2025-07-24 23:58:53,419 [INFO] ThirdParty:1030 - CMSIS Pack Vendor :STMicroelectronics FP-ATR-SIGFOX1 3.2.0
2025-07-24 23:58:53,419 [INFO] ThirdParty:1030 - CMSIS Pack Vendor :STMicroelectronics X-CUBE-NFC10 1.0.0
2025-07-24 23:58:53,419 [INFO] ThirdParty:1030 - CMSIS Pack Vendor :quantropi X-CUBE-qispace-sdk-base 1.9.3
2025-07-24 23:58:53,419 [INFO] ThirdParty:1030 - CMSIS Pack Vendor :STMicroelectronics X-CUBE-BLEMGR 4.0.0
2025-07-24 23:58:53,419 [INFO] ThirdParty:1030 - CMSIS Pack Vendor :STMicroelectronics X-CUBE-EEPRMA1 5.1.0
2025-07-24 23:58:53,419 [INFO] ThirdParty:1030 - CMSIS Pack Vendor :STMicroelectronics X-CUBE-FREERTOS 1.3.1
2025-07-24 23:58:53,419 [INFO] ThirdParty:1030 - CMSIS Pack Vendor :STMicroelectronics HAL Drivers 0.0.0
2025-07-24 23:58:53,420 [INFO] ThirdParty:1030 - CMSIS Pack Vendor :STMicroelectronics MBEDTLS 2.16.2
2025-07-24 23:58:53,420 [INFO] ThirdParty:1030 - CMSIS Pack Vendor :STMicroelectronics X-CUBE-ALS 1.0.2
2025-07-24 23:58:53,420 [INFO] ThirdParty:1030 - CMSIS Pack Vendor :emotas I-CUBE-CANOPEN 1.3.0
2025-07-24 23:58:53,420 [INFO] ThirdParty:1030 - CMSIS Pack Vendor :STMicroelectronics X-CUBE-FREERTOS 1.3.0
2025-07-24 23:58:53,420 [INFO] ThirdParty:1030 - CMSIS Pack Vendor :STMicroelectronics X-CUBE-NFC7 1.0.1
2025-07-24 23:58:53,420 [INFO] ThirdParty:1030 - CMSIS Pack Vendor :STMicroelectronics MBEDTLS 2.14.1
2025-07-24 23:58:53,420 [INFO] ThirdParty:1030 - CMSIS Pack Vendor :ITTIA_DB I-CUBE-ITTIADB 8.9.0
2025-07-24 23:58:53,420 [INFO] ThirdParty:1030 - CMSIS Pack Vendor :STMicroelectronics X-CUBE-TOUCHGFX 4.24.2
2025-07-24 23:58:53,420 [INFO] ThirdParty:1030 - CMSIS Pack Vendor :portGmbH I-Cube-SoM-uGOAL 1.1.0
2025-07-24 23:58:53,420 [INFO] ThirdParty:1030 - CMSIS Pack Vendor :STMicroelectronics X-CUBE-AI 10.0.0
2025-07-24 23:58:53,420 [INFO] ThirdParty:1030 - CMSIS Pack Vendor :STMicroelectronics X-CUBE-ST67W61 1.0.0
2025-07-24 23:58:53,420 [INFO] ThirdParty:1030 - CMSIS Pack Vendor :STMicroelectronics FP-SNS-STAIOTCFT 1.0.0
2025-07-24 23:58:53,420 [INFO] ThirdParty:1030 - CMSIS Pack Vendor :STMicroelectronics ThreadX 1.0.0
2025-07-24 23:58:53,420 [INFO] ThirdParty:1030 - CMSIS Pack Vendor :STMicroelectronics FP-SNS-SMARTAG2 1.2.0
2025-07-24 23:58:53,420 [INFO] ThirdParty:1030 - CMSIS Pack Vendor :STMicroelectronics FP-SNS-FLIGHT1 5.1.0
2025-07-24 23:58:53,420 [INFO] ThirdParty:1030 - CMSIS Pack Vendor :STMicroelectronics X-CUBE-MEMS1 11.1.0
2025-07-24 23:58:53,420 [INFO] ThirdParty:1030 - CMSIS Pack Vendor :STMicroelectronics X-CUBE-AZRTOS-WL 2.0.0
2025-07-24 23:58:53,420 [INFO] ThirdParty:1030 - CMSIS Pack Vendor :SEGGER I-CUBE-embOS 1.3.1
2025-07-24 23:58:53,420 [INFO] ThirdParty:1030 - CMSIS Pack Vendor :STMicroelectronics X-CUBE-ALGOBUILD 1.4.0
2025-07-24 23:58:53,421 [INFO] ThirdParty:1030 - CMSIS Pack Vendor :STMicroelectronics X-CUBE-DPower 1.3.0
2025-07-24 23:58:53,421 [INFO] ThirdParty:1030 - CMSIS Pack Vendor :STMicroelectronics X-CUBE-MEMS1 11.3.0
2025-07-24 23:58:53,421 [INFO] ThirdParty:1030 - CMSIS Pack Vendor :STMicroelectronics FP-SNS-MOTENV1 5.0.0
2025-07-24 23:58:53,421 [INFO] ThirdParty:1030 - CMSIS Pack Vendor :STMicroelectronics USB_DEVICE 1.0.0
2025-07-24 23:58:53,421 [INFO] ThirdParty:1030 - CMSIS Pack Vendor :STMicroelectronics X-CUBE-AZRTOS-H7RS 1.0.0
2025-07-24 23:58:53,421 [INFO] ThirdParty:1030 - CMSIS Pack Vendor :wolfSSL I-CUBE-wolfMQTT 1.19.0
2025-07-24 23:58:53,421 [INFO] ThirdParty:1030 - CMSIS Pack Vendor :STMicroelectronics X-CUBE-AZRTOS-L4 2.0.0
2025-07-24 23:58:53,421 [INFO] ThirdParty:1030 - CMSIS Pack Vendor :STMicroelectronics ThreadX 0.0.2
2025-07-24 23:58:53,421 [INFO] ThirdParty:1030 - CMSIS Pack Vendor :WES I-CUBE-Cesium 1.3.0
2025-07-24 23:58:53,421 [INFO] ThirdParty:1030 - CMSIS Pack Vendor :STMicroelectronics lwIP 2.1.2
2025-07-24 23:58:53,421 [INFO] ThirdParty:1030 - CMSIS Pack Vendor :STMicroelectronics X-CUBE-SFXS2LP1 4.0.0
2025-07-24 23:58:53,421 [INFO] ThirdParty:1030 - CMSIS Pack Vendor :STMicroelectronics X-CUBE-BLE2 3.3.0
2025-07-24 23:58:53,421 [INFO] ThirdParty:1030 - CMSIS Pack Vendor :STMicroelectronics X-CUBE-TOF1 3.4.2
2025-07-24 23:58:53,421 [INFO] ThirdParty:1030 - CMSIS Pack Vendor :STMicroelectronics X-CUBE-TOF1 3.4.3
2025-07-24 23:58:53,421 [INFO] ThirdParty:1030 - CMSIS Pack Vendor :STMicroelectronics PDM2PCM 3.2.0
2025-07-24 23:58:53,422 [INFO] ThirdParty:1030 - CMSIS Pack Vendor :wolfSSL I-CUBE-wolfSSH 1.4.17
2025-07-24 23:58:53,422 [INFO] ThirdParty:841 - exiting critical section [change project]
2025-07-24 23:58:53,945 [INFO] PinOutPanel:1589 - setPackage(No Configuration,No Configuration)
2025-07-24 23:58:53,949 [INFO] PinOutPanel:1589 - setPackage(STM32L476RGTx,LQFP64)
2025-07-24 23:58:55,694 [INFO] UtilMem:75 - Before build in PCC Used Memory: 849209472 Bytes (943718400)
2025-07-24 23:58:56,784 [INFO] UtilMem:75 - After build in PCC Used Memory: 496802600 Bytes (943718400)
2025-07-24 23:58:56,839 [INFO] IPUIPlugin:80 - create IPUIPlugin
2025-07-24 23:58:56,839 [INFO] IPUIPlugin:80 - create IPUIPlugin
2025-07-24 23:58:56,839 [INFO] IPUIPlugin:80 - create IPUIPlugin
2025-07-24 23:58:56,839 [INFO] IPUIPlugin:80 - create IPUIPlugin
2025-07-24 23:58:56,840 [INFO] IPUIPlugin:80 - create IPUIPlugin
2025-07-24 23:58:56,840 [INFO] IPUIPlugin:80 - create IPUIPlugin
2025-07-24 23:58:56,840 [INFO] IPUIPlugin:80 - create IPUIPlugin
2025-07-24 23:58:56,840 [INFO] IPUIPlugin:80 - create IPUIPlugin
2025-07-24 23:58:56,840 [INFO] IPUIPlugin:80 - create IPUIPlugin
2025-07-24 23:58:56,840 [INFO] IPUIPlugin:80 - create IPUIPlugin
2025-07-24 23:58:56,841 [INFO] IPUIPlugin:80 - create IPUIPlugin
2025-07-24 23:58:56,841 [INFO] IPUIPlugin:80 - create IPUIPlugin
2025-07-24 23:58:56,841 [INFO] IPUIPlugin:80 - create IPUIPlugin
2025-07-24 23:58:56,841 [INFO] IPUIPlugin:80 - create IPUIPlugin
2025-07-24 23:58:56,841 [INFO] IPUIPlugin:80 - create IPUIPlugin
2025-07-24 23:58:56,841 [INFO] IPUIPlugin:80 - create IPUIPlugin
2025-07-24 23:58:56,842 [INFO] IPUIPlugin:80 - create IPUIPlugin
2025-07-24 23:58:56,842 [INFO] IPUIPlugin:80 - create IPUIPlugin
2025-07-24 23:58:56,842 [INFO] IPUIPlugin:80 - create IPUIPlugin
2025-07-24 23:58:56,843 [INFO] IPUIPlugin:80 - create IPUIPlugin
2025-07-24 23:58:56,843 [INFO] IPUIPlugin:80 - create IPUIPlugin
2025-07-24 23:58:56,844 [INFO] IPUIPlugin:80 - create IPUIPlugin
2025-07-24 23:58:56,844 [INFO] IPUIPlugin:80 - create IPUIPlugin
2025-07-24 23:58:56,845 [INFO] IPUIPlugin:80 - create IPUIPlugin
2025-07-24 23:58:56,845 [INFO] IPUIPlugin:80 - create IPUIPlugin
2025-07-24 23:58:56,845 [INFO] IPUIPlugin:80 - create IPUIPlugin
2025-07-24 23:58:56,846 [INFO] IPUIPlugin:80 - create IPUIPlugin
2025-07-24 23:58:56,846 [INFO] IPUIPlugin:80 - create IPUIPlugin
2025-07-24 23:58:56,848 [INFO] IPUIPlugin:80 - create IPUIPlugin
2025-07-24 23:58:56,849 [INFO] IPUIPlugin:80 - create IPUIPlugin
2025-07-24 23:58:56,849 [INFO] IPUIPlugin:80 - create IPUIPlugin
2025-07-24 23:58:56,850 [INFO] IPUIPlugin:80 - create IPUIPlugin
2025-07-24 23:58:56,850 [INFO] IPUIPlugin:80 - create IPUIPlugin
2025-07-24 23:58:56,851 [INFO] IPUIPlugin:80 - create IPUIPlugin
2025-07-24 23:58:56,851 [INFO] IPUIPlugin:80 - create IPUIPlugin
2025-07-24 23:58:56,852 [INFO] IPUIPlugin:80 - create IPUIPlugin
2025-07-24 23:58:56,852 [INFO] IPUIPlugin:80 - create IPUIPlugin
2025-07-24 23:58:56,852 [INFO] IPUIPlugin:80 - create IPUIPlugin
2025-07-24 23:58:56,853 [INFO] IPUIPlugin:80 - create IPUIPlugin
2025-07-24 23:58:56,853 [INFO] IPUIPlugin:80 - create IPUIPlugin
2025-07-24 23:58:56,853 [INFO] IPUIPlugin:80 - create IPUIPlugin
2025-07-24 23:58:56,853 [INFO] IPUIPlugin:80 - create IPUIPlugin
2025-07-24 23:58:56,854 [INFO] IPUIPlugin:80 - create IPUIPlugin
2025-07-24 23:58:56,854 [INFO] IPUIPlugin:80 - create IPUIPlugin
2025-07-24 23:58:56,854 [INFO] IPUIPlugin:80 - create IPUIPlugin
2025-07-24 23:58:56,855 [INFO] IPUIPlugin:80 - create IPUIPlugin
2025-07-24 23:58:56,855 [INFO] IPUIPlugin:80 - create IPUIPlugin
2025-07-24 23:58:56,855 [INFO] IPUIPlugin:80 - create IPUIPlugin
2025-07-24 23:58:56,855 [INFO] IPUIPlugin:80 - create IPUIPlugin
2025-07-24 23:58:56,856 [INFO] IPUIPlugin:80 - create IPUIPlugin
2025-07-24 23:58:56,856 [INFO] IPUIPlugin:80 - create IPUIPlugin
2025-07-24 23:58:56,857 [INFO] IPUIPlugin:80 - create IPUIPlugin
2025-07-24 23:58:56,857 [INFO] IPUIPlugin:80 - create IPUIPlugin
2025-07-24 23:58:56,858 [INFO] IPUIPlugin:80 - create IPUIPlugin
2025-07-24 23:58:56,858 [INFO] IPUIPlugin:80 - create IPUIPlugin
2025-07-24 23:58:56,858 [INFO] IPUIPlugin:80 - create IPUIPlugin
2025-07-24 23:58:56,859 [INFO] IPUIPlugin:80 - create IPUIPlugin
2025-07-24 23:58:56,860 [INFO] IPUIPlugin:80 - create IPUIPlugin
2025-07-24 23:58:56,863 [INFO] IPUIPlugin:80 - create IPUIPlugin
2025-07-24 23:58:56,864 [INFO] IPUIPlugin:80 - create IPUIPlugin
2025-07-24 23:58:56,985 [INFO] CADModel:165 - CPN selected for project levelSTM32L476RGT3
2025-07-24 23:58:56,986 [INFO] CADModel:114 - Register for checkConnection events
2025-07-24 23:58:57,259 [INFO] OpenFileManager:386 - Restore cursor
